<?xml version="1.0" encoding="UTF-8"?>
<testng-results ignored="0" total="4" passed="3" failed="1" skipped="0">
  <reporter-output>
  </reporter-output>
  <suite started-at="2020-04-03T15:54:09 OMST" name="OrangeHRM" finished-at="2020-04-03T15:54:39 OMST" duration-ms="29847">
    <groups>
    </groups>
    <test started-at="2020-04-03T15:54:09 OMST" name="LoginTest" finished-at="2020-04-03T15:54:39 OMST" duration-ms="29847">
      <class name="com.bitm.OrangeHRMAutomation.Test.LoginTest">
        <test-method signature="checkloginpagetitle()[pri:1, instance:com.bitm.OrangeHRMAutomation.Test.LoginTest@78e94dcf]" started-at="2020-04-03T15:54:09 OMST" name="checkloginpagetitle" finished-at="2020-04-03T15:54:32 OMST" duration-ms="23289" status="PASS">
          <reporter-output>
          </reporter-output>
        </test-method> <!-- checkloginpagetitle -->
        <test-method signature="logintest(java.util.List)[pri:2, instance:com.bitm.OrangeHRMAutomation.Test.LoginTest@78e94dcf]" started-at="2020-04-03T15:54:35 OMST" name="logintest" data-provider="loginData" finished-at="2020-04-03T15:54:38 OMST" duration-ms="3624" status="PASS">
          <params>
            <param index="0">
              <value>
                <![CDATA[[LoginDTO [username=Admin, password=admin123]]]]>
              </value>
            </param>
          </params>
          <reporter-output>
          </reporter-output>
        </test-method> <!-- logintest -->
      </class> <!-- com.bitm.OrangeHRMAutomation.Test.LoginTest -->
      <class name="com.bitm.OrangeHRMAutomation.Test.LeaveListTest">
        <test-method signature="CheckFlightFinderTitle()[pri:1, instance:com.bitm.OrangeHRMAutomation.Test.LeaveListTest@233fe9b6]" started-at="2020-04-03T15:54:38 OMST" name="CheckFlightFinderTitle" finished-at="2020-04-03T15:54:39 OMST" duration-ms="170" status="PASS">
          <reporter-output>
          </reporter-output>
        </test-method> <!-- CheckFlightFinderTitle -->
        <test-method signature="logintest(java.util.List)[pri:2, instance:com.bitm.OrangeHRMAutomation.Test.LeaveListTest@233fe9b6]" started-at="2020-04-03T15:54:39 OMST" name="logintest" data-provider="leavelistData" finished-at="2020-04-03T15:54:39 OMST" duration-ms="0" status="FAIL">
          <exception class="org.testng.TestNGException">
            <message>
              <![CDATA[
Method public void com.bitm.OrangeHRMAutomation.Test.LeaveListTest.logintest(java.util.List) requires a @DataProvider named : leavelistData in class com.bitm.OrangeHRMAutomation.Provider.LeaveListProvider]]>
            </message>
            <full-stacktrace>
              <![CDATA[org.testng.TestNGException: 
Method public void com.bitm.OrangeHRMAutomation.Test.LeaveListTest.logintest(java.util.List) requires a @DataProvider named : leavelistData in class com.bitm.OrangeHRMAutomation.Provider.LeaveListProvider
at org.testng.internal.Parameters.findDataProvider(Parameters.java:563)
at org.testng.internal.Parameters.handleParameters(Parameters.java:776)
at org.testng.internal.Parameters.handleParameters(Parameters.java:744)
at org.testng.internal.ParameterHandler.handleParameters(ParameterHandler.java:59)
at org.testng.internal.ParameterHandler.createParameters(ParameterHandler.java:38)
at org.testng.internal.TestInvoker$MethodInvocationAgent.invoke(TestInvoker.java:783)
at org.testng.internal.TestInvoker.invokeTestMethods(TestInvoker.java:146)
at org.testng.internal.TestMethodWorker.invokeTestMethods(TestMethodWorker.java:146)
at org.testng.internal.TestMethodWorker.run(TestMethodWorker.java:128)
at java.base/java.util.ArrayList.forEach(ArrayList.java:1507)
at org.testng.TestRunner.privateRun(TestRunner.java:766)
at org.testng.TestRunner.run(TestRunner.java:587)
at org.testng.SuiteRunner.runTest(SuiteRunner.java:384)
at org.testng.SuiteRunner.runSequentially(SuiteRunner.java:378)
at org.testng.SuiteRunner.privateRun(SuiteRunner.java:337)
at org.testng.SuiteRunner.run(SuiteRunner.java:286)
at org.testng.SuiteRunnerWorker.runSuite(SuiteRunnerWorker.java:53)
at org.testng.SuiteRunnerWorker.run(SuiteRunnerWorker.java:96)
at org.testng.TestNG.runSuitesSequentially(TestNG.java:1187)
at org.testng.TestNG.runSuitesLocally(TestNG.java:1109)
at org.testng.TestNG.runSuites(TestNG.java:1039)
at org.testng.TestNG.run(TestNG.java:1007)
at org.testng.remote.AbstractRemoteTestNG.run(AbstractRemoteTestNG.java:115)
at org.testng.remote.RemoteTestNG.initAndRun(RemoteTestNG.java:251)
at org.testng.remote.RemoteTestNG.main(RemoteTestNG.java:77)
]]>
            </full-stacktrace>
          </exception> <!-- org.testng.TestNGException -->
          <reporter-output>
          </reporter-output>
        </test-method> <!-- logintest -->
      </class> <!-- com.bitm.OrangeHRMAutomation.Test.LeaveListTest -->
    </test> <!-- LoginTest -->
  </suite> <!-- OrangeHRM -->
</testng-results>
